aghari_admin/build/app/intermediates/manifest_merge_blame_file/release/manifest-merger-blame-release-report.txt
1<?xml version="1.0" encoding="utf-8"?>
2<manifest xmlns:android="http://schemas.android.com/apk/res/android"
3    package="com.example.aghari_admin"
4    android:versionCode="1"
5    android:versionName="1.0.0" >
6
7    <uses-sdk
8        android:minSdkVersion="21"
9        android:targetSdkVersion="35" />
10    <!-- أذونات التخزين -->
11    <uses-permission android:name="android.permission.READ_EXTERNAL_STORAGE" />
11-->src\main\AndroidManifest.xml:3:5-80
11-->src\main\AndroidManifest.xml:3:22-77
12    <uses-permission
12-->src\main\AndroidManifest.xml:4:5-108
13        android:name="android.permission.WRITE_EXTERNAL_STORAGE"
13-->src\main\AndroidManifest.xml:4:22-78
14        android:maxSdkVersion="32" />
14-->src\main\AndroidManifest.xml:4:79-105
15    <uses-permission android:name="android.permission.READ_MEDIA_IMAGES" />
15-->src\main\AndroidManifest.xml:5:5-76
15-->src\main\AndroidManifest.xml:5:22-73
16    <uses-permission android:name="android.permission.MANAGE_EXTERNAL_STORAGE" />
16-->src\main\AndroidManifest.xml:6:5-82
16-->src\main\AndroidManifest.xml:6:22-79
17    <!--
18         Required to query activities that can process text, see:
19         https://developer.android.com/training/package-visibility and
20         https://developer.android.com/reference/android/content/Intent#ACTION_PROCESS_TEXT.
21
22         In particular, this is used by the Flutter engine in io.flutter.plugin.text.ProcessTextPlugin.
23    -->
24    <queries>
24-->src\main\AndroidManifest.xml:46:5-51:15
25        <intent>
25-->src\main\AndroidManifest.xml:47:9-50:18
26            <action android:name="android.intent.action.PROCESS_TEXT" />
26-->src\main\AndroidManifest.xml:48:13-72
26-->src\main\AndroidManifest.xml:48:21-70
27
28            <data android:mimeType="text/plain" />
28-->src\main\AndroidManifest.xml:49:13-50
28-->src\main\AndroidManifest.xml:49:19-48
29        </intent>
30    </queries>
31
32    <uses-permission android:name="android.permission.INTERNET" />
32-->[:firebase_messaging] AndroidManifest.xml:7:5-67
32-->[:firebase_messaging] AndroidManifest.xml:7:22-64
33    <uses-permission android:name="android.permission.WAKE_LOCK" />
33-->[:firebase_messaging] AndroidManifest.xml:8:5-68
33-->[:firebase_messaging] AndroidManifest.xml:8:22-65
34    <uses-permission android:name="android.permission.ACCESS_NETWORK_STATE" /> <!-- Permissions options for the `notification` group -->
34-->[:firebase_messaging] AndroidManifest.xml:9:5-79
34-->[:firebase_messaging] AndroidManifest.xml:9:22-76
35    <uses-permission android:name="android.permission.POST_NOTIFICATIONS" /> <!-- Required by older versions of Google Play services to create IID tokens -->
35-->[:firebase_messaging] AndroidManifest.xml:11:5-77
35-->[:firebase_messaging] AndroidManifest.xml:11:22-74
36    <uses-permission android:name="com.google.android.c2dm.permission.RECEIVE" />
36-->[com.google.firebase:firebase-messaging:23.4.1] AndroidManifest.xml:26:5-82
36-->[com.google.firebase:firebase-messaging:23.4.1] AndroidManifest.xml:26:22-79
37    <uses-permission android:name="com.google.android.providers.gsf.permission.READ_GSERVICES" />
37-->[com.google.android.recaptcha:recaptcha:18.4.0] AndroidManifest.xml:9:5-98
37-->[com.google.android.recaptcha:recaptcha:18.4.0] AndroidManifest.xml:9:22-95
38
39    <permission
39-->[androidx.core:core:1.13.1] AndroidManifest.xml:22:5-24:47
40        android:name="com.example.aghari_admin.DYNAMIC_RECEIVER_NOT_EXPORTED_PERMISSION"
40-->[androidx.core:core:1.13.1] AndroidManifest.xml:23:9-81
41        android:protectionLevel="signature" />
41-->[androidx.core:core:1.13.1] AndroidManifest.xml:24:9-44
42
43    <uses-permission android:name="com.example.aghari_admin.DYNAMIC_RECEIVER_NOT_EXPORTED_PERMISSION" />
43-->[androidx.core:core:1.13.1] AndroidManifest.xml:26:5-97
43-->[androidx.core:core:1.13.1] AndroidManifest.xml:26:22-94
44
45    <application
46        android:name="android.app.Application"
46-->src\main\AndroidManifest.xml:10:9-42
47        android:appComponentFactory="androidx.core.app.CoreComponentFactory"
47-->[androidx.core:core:1.13.1] AndroidManifest.xml:28:18-86
48        android:extractNativeLibs="true"
49        android:icon="@mipmap/ic_launcher"
49-->src\main\AndroidManifest.xml:11:9-43
50        android:label="عقاري مشرف"
50-->src\main\AndroidManifest.xml:9:9-35
51        android:requestLegacyExternalStorage="true" >
51-->src\main\AndroidManifest.xml:12:9-52
52        <activity
52-->src\main\AndroidManifest.xml:13:9-34:20
53            android:name="com.example.aghari_admin.MainActivity"
53-->src\main\AndroidManifest.xml:14:13-41
54            android:configChanges="orientation|keyboardHidden|keyboard|screenSize|smallestScreenSize|locale|layoutDirection|fontScale|screenLayout|density|uiMode"
54-->src\main\AndroidManifest.xml:19:13-163
55            android:exported="true"
55-->src\main\AndroidManifest.xml:15:13-36
56            android:hardwareAccelerated="true"
56-->src\main\AndroidManifest.xml:20:13-47
57            android:launchMode="singleTop"
57-->src\main\AndroidManifest.xml:16:13-43
58            android:taskAffinity=""
58-->src\main\AndroidManifest.xml:17:13-36
59            android:theme="@style/LaunchTheme"
59-->src\main\AndroidManifest.xml:18:13-47
60            android:windowSoftInputMode="adjustResize" >
60-->src\main\AndroidManifest.xml:21:13-55
61
62            <!--
63                 Specifies an Android theme to apply to this Activity as soon as
64                 the Android process has started. This theme is visible to the user
65                 while the Flutter UI initializes. After that, this theme continues
66                 to determine the Window background behind the Flutter UI.
67            -->
68            <meta-data
68-->src\main\AndroidManifest.xml:26:13-29:17
69                android:name="io.flutter.embedding.android.NormalTheme"
69-->src\main\AndroidManifest.xml:27:15-70
70                android:resource="@style/NormalTheme" />
70-->src\main\AndroidManifest.xml:28:15-52
71
72            <intent-filter>
72-->src\main\AndroidManifest.xml:30:13-33:29
73                <action android:name="android.intent.action.MAIN" />
73-->src\main\AndroidManifest.xml:31:17-68
73-->src\main\AndroidManifest.xml:31:25-66
74
75                <category android:name="android.intent.category.LAUNCHER" />
75-->src\main\AndroidManifest.xml:32:17-76
75-->src\main\AndroidManifest.xml:32:27-74
76            </intent-filter>
77        </activity>
78        <!--
79             Don't delete the meta-data below.
80             This is used by the Flutter tool to generate GeneratedPluginRegistrant.java
81        -->
82        <meta-data
82-->src\main\AndroidManifest.xml:37:9-39:33
83            android:name="flutterEmbedding"
83-->src\main\AndroidManifest.xml:38:13-44
84            android:value="2" />
84-->src\main\AndroidManifest.xml:39:13-30
85
86        <service
86-->[:firebase_auth] AndroidManifest.xml:8:9-12:19
87            android:name="com.google.firebase.components.ComponentDiscoveryService"
87-->[:firebase_auth] AndroidManifest.xml:8:18-89
88            android:directBootAware="true"
88-->[com.google.firebase:firebase-common:20.4.3] AndroidManifest.xml:32:13-43
89            android:exported="false" >
89-->[com.google.firebase:firebase-auth:22.3.1] AndroidManifest.xml:68:13-37
90            <meta-data
90-->[:firebase_auth] AndroidManifest.xml:9:13-11:85
91                android:name="com.google.firebase.components:io.flutter.plugins.firebase.auth.FlutterFirebaseAuthRegistrar"
91-->[:firebase_auth] AndroidManifest.xml:10:17-124
92                android:value="com.google.firebase.components.ComponentRegistrar" />
92-->[:firebase_auth] AndroidManifest.xml:11:17-82
93            <meta-data
93-->[:cloud_firestore] AndroidManifest.xml:9:13-11:85
94                android:name="com.google.firebase.components:io.flutter.plugins.firebase.firestore.FlutterFirebaseFirestoreRegistrar"
94-->[:cloud_firestore] AndroidManifest.xml:10:17-134
95                android:value="com.google.firebase.components.ComponentRegistrar" />
95-->[:cloud_firestore] AndroidManifest.xml:11:17-82
96            <meta-data
96-->[:firebase_messaging] AndroidManifest.xml:36:13-38:85
97                android:name="com.google.firebase.components:io.flutter.plugins.firebase.messaging.FlutterFirebaseAppRegistrar"
97-->[:firebase_messaging] AndroidManifest.xml:37:17-128
98                android:value="com.google.firebase.components.ComponentRegistrar" />
98-->[:firebase_messaging] AndroidManifest.xml:38:17-82
99            <meta-data
99-->[:firebase_storage] AndroidManifest.xml:9:13-11:85
100                android:name="com.google.firebase.components:io.flutter.plugins.firebase.storage.FlutterFirebaseAppRegistrar"
100-->[:firebase_storage] AndroidManifest.xml:10:17-126
101                android:value="com.google.firebase.components.ComponentRegistrar" />
101-->[:firebase_storage] AndroidManifest.xml:11:17-82
102            <meta-data
102-->[:firebase_core] AndroidManifest.xml:9:13-11:85
103                android:name="com.google.firebase.components:io.flutter.plugins.firebase.core.FlutterFirebaseCoreRegistrar"
103-->[:firebase_core] AndroidManifest.xml:10:17-124
104                android:value="com.google.firebase.components.ComponentRegistrar" />
104-->[:firebase_core] AndroidManifest.xml:11:17-82
105            <meta-data
105-->[com.google.firebase:firebase-auth:22.3.1] AndroidManifest.xml:69:13-71:85
106                android:name="com.google.firebase.components:com.google.firebase.auth.FirebaseAuthRegistrar"
106-->[com.google.firebase:firebase-auth:22.3.1] AndroidManifest.xml:70:17-109
107                android:value="com.google.firebase.components.ComponentRegistrar" />
107-->[com.google.firebase:firebase-auth:22.3.1] AndroidManifest.xml:71:17-82
108            <meta-data
108-->[com.google.firebase:firebase-firestore:24.11.0] AndroidManifest.xml:17:13-19:85
109                android:name="com.google.firebase.components:com.google.firebase.firestore.FirebaseFirestoreKtxRegistrar"
109-->[com.google.firebase:firebase-firestore:24.11.0] AndroidManifest.xml:18:17-122
110                android:value="com.google.firebase.components.ComponentRegistrar" />
110-->[com.google.firebase:firebase-firestore:24.11.0] AndroidManifest.xml:19:17-82
111            <meta-data
111-->[com.google.firebase:firebase-firestore:24.11.0] AndroidManifest.xml:20:13-22:85
112                android:name="com.google.firebase.components:com.google.firebase.firestore.FirestoreRegistrar"
112-->[com.google.firebase:firebase-firestore:24.11.0] AndroidManifest.xml:21:17-111
113                android:value="com.google.firebase.components.ComponentRegistrar" />
113-->[com.google.firebase:firebase-firestore:24.11.0] AndroidManifest.xml:22:17-82
114            <meta-data
114-->[com.google.firebase:firebase-messaging:23.4.1] AndroidManifest.xml:57:13-59:85
115                android:name="com.google.firebase.components:com.google.firebase.messaging.FirebaseMessagingKtxRegistrar"
115-->[com.google.firebase:firebase-messaging:23.4.1] AndroidManifest.xml:58:17-122
116                android:value="com.google.firebase.components.ComponentRegistrar" />
116-->[com.google.firebase:firebase-messaging:23.4.1] AndroidManifest.xml:59:17-82
117            <meta-data
117-->[com.google.firebase:firebase-messaging:23.4.1] AndroidManifest.xml:60:13-62:85
118                android:name="com.google.firebase.components:com.google.firebase.messaging.FirebaseMessagingRegistrar"
118-->[com.google.firebase:firebase-messaging:23.4.1] AndroidManifest.xml:61:17-119
119                android:value="com.google.firebase.components.ComponentRegistrar" />
119-->[com.google.firebase:firebase-messaging:23.4.1] AndroidManifest.xml:62:17-82
120            <meta-data
120-->[com.google.firebase:firebase-storage:20.3.0] AndroidManifest.xml:30:13-32:85
121                android:name="com.google.firebase.components:com.google.firebase.storage.FirebaseStorageKtxRegistrar"
121-->[com.google.firebase:firebase-storage:20.3.0] AndroidManifest.xml:31:17-118
122                android:value="com.google.firebase.components.ComponentRegistrar" />
122-->[com.google.firebase:firebase-storage:20.3.0] AndroidManifest.xml:32:17-82
123            <meta-data
123-->[com.google.firebase:firebase-storage:20.3.0] AndroidManifest.xml:33:13-35:85
124                android:name="com.google.firebase.components:com.google.firebase.storage.StorageRegistrar"
124-->[com.google.firebase:firebase-storage:20.3.0] AndroidManifest.xml:34:17-107
125                android:value="com.google.firebase.components.ComponentRegistrar" />
125-->[com.google.firebase:firebase-storage:20.3.0] AndroidManifest.xml:35:17-82
126            <meta-data
126-->[com.google.firebase:firebase-iid:21.1.0] AndroidManifest.xml:32:13-34:85
127                android:name="com.google.firebase.components:com.google.firebase.iid.Registrar"
127-->[com.google.firebase:firebase-iid:21.1.0] AndroidManifest.xml:33:17-96
128                android:value="com.google.firebase.components.ComponentRegistrar" />
128-->[com.google.firebase:firebase-iid:21.1.0] AndroidManifest.xml:34:17-82
129            <meta-data
129-->[com.google.firebase:firebase-installations:17.2.0] AndroidManifest.xml:15:13-17:85
130                android:name="com.google.firebase.components:com.google.firebase.installations.FirebaseInstallationsKtxRegistrar"
130-->[com.google.firebase:firebase-installations:17.2.0] AndroidManifest.xml:16:17-130
131                android:value="com.google.firebase.components.ComponentRegistrar" />
131-->[com.google.firebase:firebase-installations:17.2.0] AndroidManifest.xml:17:17-82
132            <meta-data
132-->[com.google.firebase:firebase-installations:17.2.0] AndroidManifest.xml:18:13-20:85
133                android:name="com.google.firebase.components:com.google.firebase.installations.FirebaseInstallationsRegistrar"
133-->[com.google.firebase:firebase-installations:17.2.0] AndroidManifest.xml:19:17-127
134                android:value="com.google.firebase.components.ComponentRegistrar" />
134-->[com.google.firebase:firebase-installations:17.2.0] AndroidManifest.xml:20:17-82
135            <meta-data
135-->[com.google.firebase:firebase-appcheck:17.1.2] AndroidManifest.xml:25:13-27:85
136                android:name="com.google.firebase.components:com.google.firebase.appcheck.FirebaseAppCheckKtxRegistrar"
136-->[com.google.firebase:firebase-appcheck:17.1.2] AndroidManifest.xml:26:17-120
137                android:value="com.google.firebase.components.ComponentRegistrar" />
137-->[com.google.firebase:firebase-appcheck:17.1.2] AndroidManifest.xml:27:17-82
138            <meta-data
138-->[com.google.firebase:firebase-appcheck:17.1.2] AndroidManifest.xml:28:13-30:85
139                android:name="com.google.firebase.components:com.google.firebase.appcheck.FirebaseAppCheckRegistrar"
139-->[com.google.firebase:firebase-appcheck:17.1.2] AndroidManifest.xml:29:17-117
140                android:value="com.google.firebase.components.ComponentRegistrar" />
140-->[com.google.firebase:firebase-appcheck:17.1.2] AndroidManifest.xml:30:17-82
141            <meta-data
141-->[com.google.firebase:firebase-common-ktx:20.4.3] AndroidManifest.xml:12:13-14:85
142                android:name="com.google.firebase.components:com.google.firebase.ktx.FirebaseCommonLegacyRegistrar"
142-->[com.google.firebase:firebase-common-ktx:20.4.3] AndroidManifest.xml:13:17-116
143                android:value="com.google.firebase.components.ComponentRegistrar" />
143-->[com.google.firebase:firebase-common-ktx:20.4.3] AndroidManifest.xml:14:17-82
144            <meta-data
144-->[com.google.firebase:firebase-common:20.4.3] AndroidManifest.xml:35:13-37:85
145                android:name="com.google.firebase.components:com.google.firebase.FirebaseCommonKtxRegistrar"
145-->[com.google.firebase:firebase-common:20.4.3] AndroidManifest.xml:36:17-109
146                android:value="com.google.firebase.components.ComponentRegistrar" />
146-->[com.google.firebase:firebase-common:20.4.3] AndroidManifest.xml:37:17-82
147            <meta-data
147-->[com.google.firebase:firebase-datatransport:18.1.7] AndroidManifest.xml:27:13-29:85
148                android:name="com.google.firebase.components:com.google.firebase.datatransport.TransportRegistrar"
148-->[com.google.firebase:firebase-datatransport:18.1.7] AndroidManifest.xml:28:17-115
149                android:value="com.google.firebase.components.ComponentRegistrar" />
149-->[com.google.firebase:firebase-datatransport:18.1.7] AndroidManifest.xml:29:17-82
150        </service>
151        <service
151-->[:firebase_messaging] AndroidManifest.xml:14:9-17:72
152            android:name="io.flutter.plugins.firebase.messaging.FlutterFirebaseMessagingBackgroundService"
152-->[:firebase_messaging] AndroidManifest.xml:15:13-107
153            android:exported="false"
153-->[:firebase_messaging] AndroidManifest.xml:16:13-37
154            android:permission="android.permission.BIND_JOB_SERVICE" />
154-->[:firebase_messaging] AndroidManifest.xml:17:13-69
155        <service
155-->[:firebase_messaging] AndroidManifest.xml:18:9-24:19
156            android:name="io.flutter.plugins.firebase.messaging.FlutterFirebaseMessagingService"
156-->[:firebase_messaging] AndroidManifest.xml:19:13-97
157            android:exported="false" >
157-->[:firebase_messaging] AndroidManifest.xml:20:13-37
158            <intent-filter>
158-->[:firebase_messaging] AndroidManifest.xml:21:13-23:29
159                <action android:name="com.google.firebase.MESSAGING_EVENT" />
159-->[:firebase_messaging] AndroidManifest.xml:22:17-78
159-->[:firebase_messaging] AndroidManifest.xml:22:25-75
160            </intent-filter>
161        </service>
162
163        <receiver
163-->[:firebase_messaging] AndroidManifest.xml:26:9-33:20
164            android:name="io.flutter.plugins.firebase.messaging.FlutterFirebaseMessagingReceiver"
164-->[:firebase_messaging] AndroidManifest.xml:27:13-98
165            android:exported="true"
165-->[:firebase_messaging] AndroidManifest.xml:28:13-36
166            android:permission="com.google.android.c2dm.permission.SEND" >
166-->[:firebase_messaging] AndroidManifest.xml:29:13-73
167            <intent-filter>
167-->[:firebase_messaging] AndroidManifest.xml:30:13-32:29
168                <action android:name="com.google.android.c2dm.intent.RECEIVE" />
168-->[:firebase_messaging] AndroidManifest.xml:31:17-81
168-->[:firebase_messaging] AndroidManifest.xml:31:25-78
169            </intent-filter>
170        </receiver>
171
172        <provider
172-->[:firebase_messaging] AndroidManifest.xml:41:9-45:38
173            android:name="io.flutter.plugins.firebase.messaging.FlutterFirebaseMessagingInitProvider"
173-->[:firebase_messaging] AndroidManifest.xml:42:13-102
174            android:authorities="com.example.aghari_admin.flutterfirebasemessaginginitprovider"
174-->[:firebase_messaging] AndroidManifest.xml:43:13-88
175            android:exported="false"
175-->[:firebase_messaging] AndroidManifest.xml:44:13-37
176            android:initOrder="99" />
176-->[:firebase_messaging] AndroidManifest.xml:45:13-35
177
178        <activity
178-->[com.google.firebase:firebase-auth:22.3.1] AndroidManifest.xml:29:9-46:20
179            android:name="com.google.firebase.auth.internal.GenericIdpActivity"
179-->[com.google.firebase:firebase-auth:22.3.1] AndroidManifest.xml:30:13-80
180            android:excludeFromRecents="true"
180-->[com.google.firebase:firebase-auth:22.3.1] AndroidManifest.xml:31:13-46
181            android:exported="true"
181-->[com.google.firebase:firebase-auth:22.3.1] AndroidManifest.xml:32:13-36
182            android:launchMode="singleTask"
182-->[com.google.firebase:firebase-auth:22.3.1] AndroidManifest.xml:33:13-44
183            android:theme="@android:style/Theme.Translucent.NoTitleBar" >
183-->[com.google.firebase:firebase-auth:22.3.1] AndroidManifest.xml:34:13-72
184            <intent-filter>
184-->[com.google.firebase:firebase-auth:22.3.1] AndroidManifest.xml:35:13-45:29
185                <action android:name="android.intent.action.VIEW" />
185-->[com.google.firebase:firebase-auth:22.3.1] AndroidManifest.xml:36:17-69
185-->[com.google.firebase:firebase-auth:22.3.1] AndroidManifest.xml:36:25-66
186
187                <category android:name="android.intent.category.DEFAULT" />
187-->[com.google.firebase:firebase-auth:22.3.1] AndroidManifest.xml:38:17-76
187-->[com.google.firebase:firebase-auth:22.3.1] AndroidManifest.xml:38:27-73
188                <category android:name="android.intent.category.BROWSABLE" />
188-->[com.google.firebase:firebase-auth:22.3.1] AndroidManifest.xml:39:17-78
188-->[com.google.firebase:firebase-auth:22.3.1] AndroidManifest.xml:39:27-75
189
190                <data
190-->src\main\AndroidManifest.xml:49:13-50
191                    android:host="firebase.auth"
192                    android:path="/"
193                    android:scheme="genericidp" />
194            </intent-filter>
195        </activity>
196        <activity
196-->[com.google.firebase:firebase-auth:22.3.1] AndroidManifest.xml:47:9-64:20
197            android:name="com.google.firebase.auth.internal.RecaptchaActivity"
197-->[com.google.firebase:firebase-auth:22.3.1] AndroidManifest.xml:48:13-79
198            android:excludeFromRecents="true"
198-->[com.google.firebase:firebase-auth:22.3.1] AndroidManifest.xml:49:13-46
199            android:exported="true"
199-->[com.google.firebase:firebase-auth:22.3.1] AndroidManifest.xml:50:13-36
200            android:launchMode="singleTask"
200-->[com.google.firebase:firebase-auth:22.3.1] AndroidManifest.xml:51:13-44
201            android:theme="@android:style/Theme.Translucent.NoTitleBar" >
201-->[com.google.firebase:firebase-auth:22.3.1] AndroidManifest.xml:52:13-72
202            <intent-filter>
202-->[com.google.firebase:firebase-auth:22.3.1] AndroidManifest.xml:53:13-63:29
203                <action android:name="android.intent.action.VIEW" />
203-->[com.google.firebase:firebase-auth:22.3.1] AndroidManifest.xml:36:17-69
203-->[com.google.firebase:firebase-auth:22.3.1] AndroidManifest.xml:36:25-66
204
205                <category android:name="android.intent.category.DEFAULT" />
205-->[com.google.firebase:firebase-auth:22.3.1] AndroidManifest.xml:38:17-76
205-->[com.google.firebase:firebase-auth:22.3.1] AndroidManifest.xml:38:27-73
206                <category android:name="android.intent.category.BROWSABLE" />
206-->[com.google.firebase:firebase-auth:22.3.1] AndroidManifest.xml:39:17-78
206-->[com.google.firebase:firebase-auth:22.3.1] AndroidManifest.xml:39:27-75
207
208                <data
208-->src\main\AndroidManifest.xml:49:13-50
209                    android:host="firebase.auth"
210                    android:path="/"
211                    android:scheme="recaptcha" />
212            </intent-filter>
213        </activity>
214
215        <receiver
215-->[com.google.firebase:firebase-messaging:23.4.1] AndroidManifest.xml:29:9-40:20
216            android:name="com.google.firebase.iid.FirebaseInstanceIdReceiver"
216-->[com.google.firebase:firebase-messaging:23.4.1] AndroidManifest.xml:30:13-78
217            android:exported="true"
217-->[com.google.firebase:firebase-messaging:23.4.1] AndroidManifest.xml:31:13-36
218            android:permission="com.google.android.c2dm.permission.SEND" >
218-->[com.google.firebase:firebase-messaging:23.4.1] AndroidManifest.xml:32:13-73
219            <intent-filter>
219-->[:firebase_messaging] AndroidManifest.xml:30:13-32:29
220                <action android:name="com.google.android.c2dm.intent.RECEIVE" />
220-->[:firebase_messaging] AndroidManifest.xml:31:17-81
220-->[:firebase_messaging] AndroidManifest.xml:31:25-78
221            </intent-filter>
222
223            <meta-data
223-->[com.google.firebase:firebase-messaging:23.4.1] AndroidManifest.xml:37:13-39:40
224                android:name="com.google.android.gms.cloudmessaging.FINISHED_AFTER_HANDLED"
224-->[com.google.firebase:firebase-messaging:23.4.1] AndroidManifest.xml:38:17-92
225                android:value="true" />
225-->[com.google.firebase:firebase-messaging:23.4.1] AndroidManifest.xml:39:17-37
226        </receiver>
227        <!--
228             FirebaseMessagingService performs security checks at runtime,
229             but set to not exported to explicitly avoid allowing another app to call it.
230        -->
231        <service
231-->[com.google.firebase:firebase-messaging:23.4.1] AndroidManifest.xml:46:9-53:19
232            android:name="com.google.firebase.messaging.FirebaseMessagingService"
232-->[com.google.firebase:firebase-messaging:23.4.1] AndroidManifest.xml:47:13-82
233            android:directBootAware="true"
233-->[com.google.firebase:firebase-messaging:23.4.1] AndroidManifest.xml:48:13-43
234            android:exported="false" >
234-->[com.google.firebase:firebase-messaging:23.4.1] AndroidManifest.xml:49:13-37
235            <intent-filter android:priority="-500" >
235-->[:firebase_messaging] AndroidManifest.xml:21:13-23:29
236                <action android:name="com.google.firebase.MESSAGING_EVENT" />
236-->[:firebase_messaging] AndroidManifest.xml:22:17-78
236-->[:firebase_messaging] AndroidManifest.xml:22:25-75
237            </intent-filter>
238        </service>
239        <!--
240           Declares a provider which allows us to store files to share in
241           '.../caches/share_plus' and grant the receiving action access
242        -->
243        <provider
243-->[:share_plus] AndroidManifest.xml:13:9-21:20
244            android:name="dev.fluttercommunity.plus.share.ShareFileProvider"
244-->[:share_plus] AndroidManifest.xml:14:13-77
245            android:authorities="com.example.aghari_admin.flutter.share_provider"
245-->[:share_plus] AndroidManifest.xml:15:13-74
246            android:exported="false"
246-->[:share_plus] AndroidManifest.xml:16:13-37
247            android:grantUriPermissions="true" >
247-->[:share_plus] AndroidManifest.xml:17:13-47
248            <meta-data
248-->[:share_plus] AndroidManifest.xml:18:13-20:68
249                android:name="android.support.FILE_PROVIDER_PATHS"
249-->[:share_plus] AndroidManifest.xml:19:17-67
250                android:resource="@xml/flutter_share_file_paths" />
250-->[:share_plus] AndroidManifest.xml:20:17-65
251        </provider>
252        <!--
253           This manifest declared broadcast receiver allows us to use an explicit
254           Intent when creating a PendingItent to be informed of the user's choice
255        -->
256        <receiver
256-->[:share_plus] AndroidManifest.xml:26:9-32:20
257            android:name="dev.fluttercommunity.plus.share.SharePlusPendingIntent"
257-->[:share_plus] AndroidManifest.xml:27:13-82
258            android:exported="false" >
258-->[:share_plus] AndroidManifest.xml:28:13-37
259            <intent-filter>
259-->[:share_plus] AndroidManifest.xml:29:13-31:29
260                <action android:name="EXTRA_CHOSEN_COMPONENT" />
260-->[:share_plus] AndroidManifest.xml:30:17-65
260-->[:share_plus] AndroidManifest.xml:30:25-62
261            </intent-filter>
262        </receiver>
263
264        <provider
264-->[:image_picker_android] AndroidManifest.xml:9:9-17:20
265            android:name="io.flutter.plugins.imagepicker.ImagePickerFileProvider"
265-->[:image_picker_android] AndroidManifest.xml:10:13-82
266            android:authorities="com.example.aghari_admin.flutter.image_provider"
266-->[:image_picker_android] AndroidManifest.xml:11:13-74
267            android:exported="false"
267-->[:image_picker_android] AndroidManifest.xml:12:13-37
268            android:grantUriPermissions="true" >
268-->[:image_picker_android] AndroidManifest.xml:13:13-47
269            <meta-data
269-->[:share_plus] AndroidManifest.xml:18:13-20:68
270                android:name="android.support.FILE_PROVIDER_PATHS"
270-->[:share_plus] AndroidManifest.xml:19:17-67
271                android:resource="@xml/flutter_image_picker_file_paths" />
271-->[:share_plus] AndroidManifest.xml:20:17-65
272        </provider> <!-- Trigger Google Play services to install the backported photo picker module. -->
273        <service
273-->[:image_picker_android] AndroidManifest.xml:19:9-31:19
274            android:name="com.google.android.gms.metadata.ModuleDependencies"
274-->[:image_picker_android] AndroidManifest.xml:20:13-78
275            android:enabled="false"
275-->[:image_picker_android] AndroidManifest.xml:21:13-36
276            android:exported="false" >
276-->[:image_picker_android] AndroidManifest.xml:22:13-37
277            <intent-filter>
277-->[:image_picker_android] AndroidManifest.xml:24:13-26:29
278                <action android:name="com.google.android.gms.metadata.MODULE_DEPENDENCIES" />
278-->[:image_picker_android] AndroidManifest.xml:25:17-94
278-->[:image_picker_android] AndroidManifest.xml:25:25-91
279            </intent-filter>
280
281            <meta-data
281-->[:image_picker_android] AndroidManifest.xml:28:13-30:36
282                android:name="photopicker_activity:0:required"
282-->[:image_picker_android] AndroidManifest.xml:29:17-63
283                android:value="" />
283-->[:image_picker_android] AndroidManifest.xml:30:17-33
284        </service>
285
286        <activity
286-->[:url_launcher_android] AndroidManifest.xml:8:9-11:74
287            android:name="io.flutter.plugins.urllauncher.WebViewActivity"
287-->[:url_launcher_android] AndroidManifest.xml:9:13-74
288            android:exported="false"
288-->[:url_launcher_android] AndroidManifest.xml:10:13-37
289            android:theme="@android:style/Theme.NoTitleBar.Fullscreen" />
289-->[:url_launcher_android] AndroidManifest.xml:11:13-71
290
291        <provider
291-->[com.google.firebase:firebase-common:20.4.3] AndroidManifest.xml:23:9-28:39